{
  "0 debug pnpm:scope": {
    "selected": 1
  },
  "1 error pnpm": {
    "errno": 1,
    "code": "ELIFECYCLE",
    "pkgid": "react-starter@0.1.0",
    "stage": "test",
    "script": "react-scripts test --watchAll=false",
    "pkgname": "react-starter",
    "err": {
      "name": "pnpm",
      "message": "react-starter@0.1.0 test: `react-scripts test --watchAll=false`\nExit status 1",
      "code": "ELIFECYCLE",
      "stack": "pnpm: react-starter@0.1.0 test: `react-scripts test --watchAll=false`\nExit status 1\n    at EventEmitter.<anonymous> (C:\\Users\\Arif\\.node\\corepack\\pnpm\\7.2.1\\dist\\pnpm.cjs:107358:20)\n    at EventEmitter.emit (node:events:520:28)\n    at ChildProcess.<anonymous> (C:\\Users\\Arif\\.node\\corepack\\pnpm\\7.2.1\\dist\\pnpm.cjs:93924:18)\n    at ChildProcess.emit (node:events:520:28)\n    at maybeClose (node:internal/child_process:1092:16)\n    at Process.ChildProcess._handle.onexit (node:internal/child_process:302:5)"
    }
  },
  "2 warn pnpm:global": " Local package.json exists, but node_modules missing, did you mean to install?"
}